0 info it worked if it ends with ok
1 verbose cli [ 'node', '/usr/local/bin/npm', 'find', 'validator' ]
2 info using npm@1.3.2
3 info using node@v0.10.13
4 warn Building the local index for the first time, please be patient
5 verbose url raw /-/all
6 verbose url resolving [ 'https://registry.npmjs.org/', './-/all' ]
7 verbose url resolved https://registry.npmjs.org/-/all
8 info trying registry request attempt 1 at 15:18:22
9 http GET https://registry.npmjs.org/-/all
10 http 200 https://registry.npmjs.org/-/all
11 error Error: ENOENT, open '/Users/gshipley/.npm/-/all/.cache.json'
12 error If you need help, you may report this log at:
12 error     <http://github.com/isaacs/npm/issues>
12 error or email it to:
12 error     <npm-@googlegroups.com>
13 error System Darwin 13.0.0
14 error command "node" "/usr/local/bin/npm" "find" "validator"
15 error cwd /Users/gshipley/code/oso/devnexus
16 error node -v v0.10.13
17 error npm -v 1.3.2
18 error path /Users/gshipley/.npm/-/all/.cache.json
19 error code ENOENT
20 error errno 34
21 verbose exit [ 34, true ]
